<?xml version="1.0" encoding="UTF-8"?>
<testng-results ignored="1" total="2" passed="1" failed="0" skipped="0">
  <reporter-output>
  </reporter-output>
  <suite started-at="2024-07-12T14:56:17 IST" name="Default suite" finished-at="2024-07-12T14:56:53 IST" duration-ms="36076">
    <groups>
    </groups>
    <test started-at="2024-07-12T14:56:17 IST" name="Default test" finished-at="2024-07-12T14:56:53 IST" duration-ms="36076">
      <class name="com.nocommercedemo.Testcases.CheckoutBillingPageTest">
        <test-method is-config="true" signature="loadConfig()[pri:0, instance:com.nocommercedemo.Testcases.CheckoutBillingPageTest@1e6a3214]" started-at="2024-07-12T14:56:17 IST" name="loadConfig" finished-at="2024-07-12T14:56:17 IST" duration-ms="318" status="PASS">
          <reporter-output>
          </reporter-output>
        </test-method> <!-- loadConfig -->
        <test-method is-config="true" signature="setup(java.lang.String)[pri:0, instance:com.nocommercedemo.Testcases.CheckoutBillingPageTest@1e6a3214]" started-at="2024-07-12T14:56:17 IST" name="setup" finished-at="2024-07-12T14:56:53 IST" duration-ms="35358" status="PASS">
          <params>
            <param index="0">
              <value>
                <![CDATA[Chrome]]>
              </value>
            </param>
          </params>
          <reporter-output>
          </reporter-output>
        </test-method> <!-- setup -->
        <test-method signature="verifytitleofbillingpage()[pri:0, instance:com.nocommercedemo.Testcases.CheckoutBillingPageTest@1e6a3214]" started-at="2024-07-12T14:56:53 IST" name="verifytitleofbillingpage" finished-at="2024-07-12T14:56:53 IST" duration-ms="130" status="PASS">
          <reporter-output>
          </reporter-output>
        </test-method> <!-- verifytitleofbillingpage -->
        <test-method is-config="true" signature="tearDown()[pri:0, instance:com.nocommercedemo.Testcases.CheckoutBillingPageTest@1e6a3214]" started-at="2024-07-12T14:56:53 IST" name="tearDown" finished-at="2024-07-12T14:56:53 IST" duration-ms="504" status="PASS">
          <reporter-output>
          </reporter-output>
        </test-method> <!-- tearDown -->
        <test-method is-config="true" signature="afterSuite()[pri:0, instance:com.nocommercedemo.Testcases.CheckoutBillingPageTest@1e6a3214]" started-at="2024-07-12T14:56:53 IST" name="afterSuite" finished-at="2024-07-12T14:56:53 IST" duration-ms="8" status="FAIL">
          <exception class="java.lang.NullPointerException">
            <message>
              <![CDATA[Cannot invoke "com.relevantcodes.extentreports.ExtentReports.flush()" because "com.nocommercedemo.utility.ExtentManager.extent" is null]]>
            </message>
            <full-stacktrace>
              <![CDATA[java.lang.NullPointerException: Cannot invoke "com.relevantcodes.extentreports.ExtentReports.flush()" because "com.nocommercedemo.utility.ExtentManager.extent" is null
at com.nocommercedemo.utility.ExtentManager.endReport(ExtentManager.java:75)
at com.nocommercedemo.Base.Baseclass.afterSuite(Baseclass.java:113)
at java.base/jdk.internal.reflect.NativeMethodAccessorImpl.invoke0(Native Method)
at java.base/jdk.internal.reflect.NativeMethodAccessorImpl.invoke(NativeMethodAccessorImpl.java:77)
at java.base/jdk.internal.reflect.DelegatingMethodAccessorImpl.invoke(DelegatingMethodAccessorImpl.java:43)
at java.base/java.lang.reflect.Method.invoke(Method.java:568)
at org.testng.internal.MethodInvocationHelper.invokeMethod(MethodInvocationHelper.java:133)
at org.testng.internal.MethodInvocationHelper.invokeMethodConsideringTimeout(MethodInvocationHelper.java:62)
at org.testng.internal.ConfigInvoker.invokeConfigurationMethod(ConfigInvoker.java:385)
at org.testng.internal.ConfigInvoker.invokeConfigurations(ConfigInvoker.java:321)
at org.testng.SuiteRunner.privateRun(SuiteRunner.java:344)
at org.testng.SuiteRunner.run(SuiteRunner.java:276)
at org.testng.SuiteRunnerWorker.runSuite(SuiteRunnerWorker.java:53)
at org.testng.SuiteRunnerWorker.run(SuiteRunnerWorker.java:96)
at org.testng.TestNG.runSuitesSequentially(TestNG.java:1212)
at org.testng.TestNG.runSuitesLocally(TestNG.java:1134)
at org.testng.TestNG.runSuites(TestNG.java:1063)
at org.testng.TestNG.run(TestNG.java:1031)
at org.testng.remote.AbstractRemoteTestNG.run(AbstractRemoteTestNG.java:115)
at org.testng.remote.RemoteTestNG.initAndRun(RemoteTestNG.java:251)
at org.testng.remote.RemoteTestNG.main(RemoteTestNG.java:77)
]]>
            </full-stacktrace>
          </exception> <!-- java.lang.NullPointerException -->
          <reporter-output>
          </reporter-output>
        </test-method> <!-- afterSuite -->
      </class> <!-- com.nocommercedemo.Testcases.CheckoutBillingPageTest -->
    </test> <!-- Default test -->
  </suite> <!-- Default suite -->
</testng-results>
