<?xml version="1.0" encoding="UTF-8"?>
<!-- Generated by org.testng.reporters.JUnitXMLReporter -->
<testsuite ignored="1" hostname="DESKTOP-14S2SR6" failures="0" tests="1" name="Default test" time="36.076" errors="0" timestamp="2024-07-12T14:56:53 IST">
  <testcase classname="com.nocommercedemo.Testcases.CheckoutBillingPageTest" name="verifytitleofbillingpage" time="0.13"/>
  <testcase classname="com.nocommercedemo.Testcases.CheckoutBillingPageTest" name="verifybillingpage" time="0.0">
    <ignored/>
  </testcase> <!-- verifybillingpage -->
</testsuite> <!-- Default test -->
