<?xml version="1.0" encoding="UTF-8"?>
<!-- Generated by org.testng.reporters.JUnitXMLReporter -->
<testsuite ignored="26" hostname="DESKTOP-14S2SR6" failures="0" tests="24" name="nocommercedemo application test" time="546.039" errors="0" timestamp="2024-07-12T15:34:29 IST">
  <testcase classname="com.nocommercedemo.Testcases.RegisterPageTest" name="Registertitlepage" time="1.932"/>
  <testcase classname="com.nocommercedemo.Testcases.ProductInfoPageTest" name="addwishandcomparelist" time="4.792"/>
  <testcase classname="com.nocommercedemo.Testcases.RegisterPageTest" name="createAccountTest" time="7.502"/>
  <testcase classname="com.nocommercedemo.Testcases.RegisterPageTest" name="createAccountTest" time="5.045"/>
  <testcase classname="com.nocommercedemo.Testcases.LoginPageTest" name="loginpage" time="4.564"/>
  <testcase classname="com.nocommercedemo.Testcases.LoginPageTest" name="logintitlepage" time="1.441"/>
  <testcase classname="com.nocommercedemo.Testcases.OrderConfirmPageTest" name="verifyConfirmOdrerpage" time="5.767"/>
  <testcase classname="com.nocommercedemo.Testcases.CheckoutBillingPageTest" name="verifybillingpage" time="8.344"/>
  <testcase classname="com.nocommercedemo.Testcases.CheckoutCardtypemethodpageTest" name="verifycardmethodmethodpage" time="3.635"/>
  <testcase classname="com.nocommercedemo.Testcases.CheckoutPaymentmethodPageTest" name="verifypaymentmethodpage" time="0.971"/>
  <testcase classname="com.nocommercedemo.Testcases.CheckoutShippingMethodPageTest" name="verifyshippingmethodpage" time="8.197"/>
  <testcase classname="com.nocommercedemo.Testcases.CheckoutBillingPageTest" name="verifytitleofbillingpage" time="0.098"/>
  <testcase classname="com.nocommercedemo.Testcases.WishlistPageTest" name="wishlisttable" time="8.654"/>
  <testcase classname="com.nocommercedemo.Testcases.ShopingCartPageTest" name="CartpageTitle" time="0.101"/>
  <testcase classname="com.nocommercedemo.Testcases.ComputerPageTest" name="computerpageTitle" time="1.179"/>
  <testcase classname="com.nocommercedemo.Testcases.DeskTopPageTest" name="desktoppageTitle" time="0.067"/>
  <testcase classname="com.nocommercedemo.Testcases.HomePageTest" name="homepagepageTitle" time="0.698"/>
  <testcase classname="com.nocommercedemo.Testcases.MyAcoountPageTest" name="myaccountpageTitle" time="1.088"/>
  <testcase classname="com.nocommercedemo.Testcases.WishlistPageTest" name="wishlistpagepageTitle" time="0.038"/>
  <testcase classname="com.nocommercedemo.Testcases.ComputerPageTest" name="computeritems" time="11.312"/>
  <testcase classname="com.nocommercedemo.Testcases.HomePageTest" name="homepageallfunctions" time="33.211"/>
  <testcase classname="com.nocommercedemo.Testcases.MyAcoountPageTest" name="myaccount" time="15.592"/>
  <testcase classname="com.nocommercedemo.Testcases.DeskTopPageTest" name="selectcputype" time="14.066"/>
  <testcase classname="com.nocommercedemo.Testcases.ShopingCartPageTest" name="verifyAddtocart" time="16.973"/>
  <testcase classname="com.nocommercedemo.Base.Baseclass" name="@BeforeSuite loadConfig" time="0.0">
    <ignored/>
  </testcase> <!-- @BeforeSuite loadConfig -->
  <testcase classname="com.nocommercedemo.Base.Baseclass" name="@BeforeSuite loadConfig" time="0.0">
    <ignored/>
  </testcase> <!-- @BeforeSuite loadConfig -->
  <testcase classname="com.nocommercedemo.Base.Baseclass" name="@BeforeSuite loadConfig" time="0.0">
    <ignored/>
  </testcase> <!-- @BeforeSuite loadConfig -->
  <testcase classname="com.nocommercedemo.Base.Baseclass" name="@BeforeSuite loadConfig" time="0.0">
    <ignored/>
  </testcase> <!-- @BeforeSuite loadConfig -->
  <testcase classname="com.nocommercedemo.Base.Baseclass" name="@BeforeSuite loadConfig" time="0.0">
    <ignored/>
  </testcase> <!-- @BeforeSuite loadConfig -->
  <testcase classname="com.nocommercedemo.Base.Baseclass" name="@BeforeSuite loadConfig" time="0.0">
    <ignored/>
  </testcase> <!-- @BeforeSuite loadConfig -->
  <testcase classname="com.nocommercedemo.Base.Baseclass" name="@BeforeSuite loadConfig" time="0.0">
    <ignored/>
  </testcase> <!-- @BeforeSuite loadConfig -->
  <testcase classname="com.nocommercedemo.Base.Baseclass" name="@BeforeSuite loadConfig" time="0.0">
    <ignored/>
  </testcase> <!-- @BeforeSuite loadConfig -->
  <testcase classname="com.nocommercedemo.Base.Baseclass" name="@BeforeSuite loadConfig" time="0.0">
    <ignored/>
  </testcase> <!-- @BeforeSuite loadConfig -->
  <testcase classname="com.nocommercedemo.Base.Baseclass" name="@BeforeSuite loadConfig" time="0.0">
    <ignored/>
  </testcase> <!-- @BeforeSuite loadConfig -->
  <testcase classname="com.nocommercedemo.Base.Baseclass" name="@BeforeSuite loadConfig" time="0.0">
    <ignored/>
  </testcase> <!-- @BeforeSuite loadConfig -->
  <testcase classname="com.nocommercedemo.Base.Baseclass" name="@BeforeSuite loadConfig" time="0.0">
    <ignored/>
  </testcase> <!-- @BeforeSuite loadConfig -->
  <testcase classname="com.nocommercedemo.Base.Baseclass" name="@BeforeSuite loadConfig" time="0.0">
    <ignored/>
  </testcase> <!-- @BeforeSuite loadConfig -->
  <testcase classname="com.nocommercedemo.Base.Baseclass" name="@AfterSuite afterSuite" time="0.0">
    <ignored/>
  </testcase> <!-- @AfterSuite afterSuite -->
  <testcase classname="com.nocommercedemo.Base.Baseclass" name="@AfterSuite afterSuite" time="0.0">
    <ignored/>
  </testcase> <!-- @AfterSuite afterSuite -->
  <testcase classname="com.nocommercedemo.Base.Baseclass" name="@AfterSuite afterSuite" time="0.0">
    <ignored/>
  </testcase> <!-- @AfterSuite afterSuite -->
  <testcase classname="com.nocommercedemo.Base.Baseclass" name="@AfterSuite afterSuite" time="0.0">
    <ignored/>
  </testcase> <!-- @AfterSuite afterSuite -->
  <testcase classname="com.nocommercedemo.Base.Baseclass" name="@AfterSuite afterSuite" time="0.0">
    <ignored/>
  </testcase> <!-- @AfterSuite afterSuite -->
  <testcase classname="com.nocommercedemo.Base.Baseclass" name="@AfterSuite afterSuite" time="0.0">
    <ignored/>
  </testcase> <!-- @AfterSuite afterSuite -->
  <testcase classname="com.nocommercedemo.Base.Baseclass" name="@AfterSuite afterSuite" time="0.0">
    <ignored/>
  </testcase> <!-- @AfterSuite afterSuite -->
  <testcase classname="com.nocommercedemo.Base.Baseclass" name="@AfterSuite afterSuite" time="0.0">
    <ignored/>
  </testcase> <!-- @AfterSuite afterSuite -->
  <testcase classname="com.nocommercedemo.Base.Baseclass" name="@AfterSuite afterSuite" time="0.0">
    <ignored/>
  </testcase> <!-- @AfterSuite afterSuite -->
  <testcase classname="com.nocommercedemo.Base.Baseclass" name="@AfterSuite afterSuite" time="0.0">
    <ignored/>
  </testcase> <!-- @AfterSuite afterSuite -->
  <testcase classname="com.nocommercedemo.Base.Baseclass" name="@AfterSuite afterSuite" time="0.0">
    <ignored/>
  </testcase> <!-- @AfterSuite afterSuite -->
  <testcase classname="com.nocommercedemo.Base.Baseclass" name="@AfterSuite afterSuite" time="0.0">
    <ignored/>
  </testcase> <!-- @AfterSuite afterSuite -->
  <testcase classname="com.nocommercedemo.Base.Baseclass" name="@AfterSuite afterSuite" time="0.0">
    <ignored/>
  </testcase> <!-- @AfterSuite afterSuite -->
</testsuite> <!-- nocommercedemo application test -->
